app/build/intermediates/manifest_merge_blame_file/debug/manifest-merger-blame-debug-report.txt
1<?xml version="1.0" encoding="utf-8"?>
2<manifest xmlns:android="http://schemas.android.com/apk/res/android"
3    package="com.statusdownloader.vikas"
4    android:versionCode="1"
5    android:versionName="1.0" >
6
7    <uses-sdk
8        android:minSdkVersion="16"
8-->src/main/AndroidManifest.xml
9        android:targetSdkVersion="29" />
9-->src/main/AndroidManifest.xml
10
11    <uses-permission android:name="android.permission.WRITE_EXTERNAL_STORAGE" />
11-->src/main/AndroidManifest.xml:5:5-81
11-->src/main/AndroidManifest.xml:5:22-78
12    <uses-permission android:name="android.permission.READ_EXTERNAL_STORAGE" />
12-->src/main/AndroidManifest.xml:7:5-79
12-->src/main/AndroidManifest.xml:7:22-77
13
14    <!-- Include required permissions for Google Mobile Ads to run -->
15    <uses-permission android:name="android.permission.INTERNET" />
15-->[com.google.android.gms:play-services-ads-lite:19.0.1] AndroidManifest.xml:23:5-67
15-->[com.google.android.gms:play-services-ads-lite:19.0.1] AndroidManifest.xml:23:22-64
16    <uses-permission android:name="android.permission.ACCESS_NETWORK_STATE" />
16-->[com.google.android.gms:play-services-ads-lite:19.0.1] AndroidManifest.xml:24:5-79
16-->[com.google.android.gms:play-services-ads-lite:19.0.1] AndroidManifest.xml:24:22-76
17    <uses-permission android:name="android.permission.WAKE_LOCK" />
17-->[com.google.android.gms:play-services-measurement-sdk-api:17.1.0] AndroidManifest.xml:25:5-68
17-->[com.google.android.gms:play-services-measurement-sdk-api:17.1.0] AndroidManifest.xml:25:22-65
18
19    <application
19-->src/main/AndroidManifest.xml:9:5-51:19
20        android:allowBackup="true"
20-->src/main/AndroidManifest.xml:10:9-35
21        android:appComponentFactory="androidx.core.app.CoreComponentFactory"
21-->[androidx.core:core:1.1.0] AndroidManifest.xml:24:18-86
22        android:debuggable="true"
23        android:icon="@drawable/app_icon"
23-->src/main/AndroidManifest.xml:11:9-42
24        android:label="@string/app_name"
24-->src/main/AndroidManifest.xml:12:9-41
25        android:roundIcon="@drawable/app_icon"
25-->src/main/AndroidManifest.xml:13:9-47
26        android:supportsRtl="true"
26-->src/main/AndroidManifest.xml:14:9-35
27        android:testOnly="true"
28        android:theme="@style/AppThemeNoActionBar" >
28-->src/main/AndroidManifest.xml:15:9-51
29        <activity android:name="com.statusdownloader.vikas.MainActivity" >
29-->src/main/AndroidManifest.xml:16:9-18:20
29-->src/main/AndroidManifest.xml:16:19-47
30        </activity>
31        <activity
31-->src/main/AndroidManifest.xml:19:8-21:14
32            android:name="com.statusdownloader.vikas.ImageActivity"
32-->src/main/AndroidManifest.xml:19:18-47
33            android:screenOrientation="portrait" />
33-->src/main/AndroidManifest.xml:20:12-48
34        <activity
34-->src/main/AndroidManifest.xml:22:9-24:15
35            android:name="com.statusdownloader.vikas.FullScreenImageActivity"
35-->src/main/AndroidManifest.xml:22:19-58
36            android:screenOrientation="portrait" />
36-->src/main/AndroidManifest.xml:23:13-49
37        <activity android:name="com.statusdownloader.vikas.VideoActivity" />
37-->src/main/AndroidManifest.xml:25:9-51
37-->src/main/AndroidManifest.xml:25:19-48
38        <activity android:name="com.statusdownloader.vikas.FullScreenVideoActivity" />
38-->src/main/AndroidManifest.xml:26:9-61
38-->src/main/AndroidManifest.xml:26:19-58
39        <activity android:name="com.statusdownloader.vikas.SplashActivity" >
39-->src/main/AndroidManifest.xml:27:9-33:20
39-->src/main/AndroidManifest.xml:27:19-49
40            <intent-filter>
40-->src/main/AndroidManifest.xml:28:9-32:25
41                <action android:name="android.intent.action.MAIN" />
41-->src/main/AndroidManifest.xml:29:13-65
41-->src/main/AndroidManifest.xml:29:21-62
42                <action android:name="android.intent.action.VIEW" />
42-->src/main/AndroidManifest.xml:30:13-64
42-->src/main/AndroidManifest.xml:30:21-62
43
44                <category android:name="android.intent.category.LAUNCHER" />
44-->src/main/AndroidManifest.xml:31:13-73
44-->src/main/AndroidManifest.xml:31:23-70
45            </intent-filter>
46        </activity>
47        <activity android:name="com.statusdownloader.vikas.TabActivity" />
47-->src/main/AndroidManifest.xml:34:9-49
47-->src/main/AndroidManifest.xml:34:19-46
48
49        <meta-data
49-->src/main/AndroidManifest.xml:37:9-39:69
50            android:name="com.google.android.gms.ads.APPLICATION_ID"
50-->src/main/AndroidManifest.xml:38:13-69
51            android:value="ca-app-pub-8344544007355635~4837394210" />
51-->src/main/AndroidManifest.xml:39:13-67
52
53        <provider
53-->src/main/AndroidManifest.xml:41:9-49:20
54            android:name="androidx.core.content.FileProvider"
54-->src/main/AndroidManifest.xml:42:13-62
55            android:authorities="com.statusdownloader.fileprovider"
55-->src/main/AndroidManifest.xml:43:13-68
56            android:exported="false"
56-->src/main/AndroidManifest.xml:44:13-37
57            android:grantUriPermissions="true" >
57-->src/main/AndroidManifest.xml:45:13-47
58            <meta-data
58-->src/main/AndroidManifest.xml:46:13-48:57
59                android:name="android.support.FILE_PROVIDER_PATHS"
59-->src/main/AndroidManifest.xml:47:17-67
60                android:resource="@xml/provider_paths" />
60-->src/main/AndroidManifest.xml:48:17-55
61        </provider>
62
63        <!-- Include the AdActivity and InAppPurchaseActivity configChanges and themes. -->
64        <activity
64-->[com.google.android.gms:play-services-ads-lite:19.0.1] AndroidManifest.xml:29:9-33:64
65            android:name="com.google.android.gms.ads.AdActivity"
65-->[com.google.android.gms:play-services-ads-lite:19.0.1] AndroidManifest.xml:30:13-65
66            android:configChanges="keyboard|keyboardHidden|orientation|screenLayout|uiMode|screenSize|smallestScreenSize"
66-->[com.google.android.gms:play-services-ads-lite:19.0.1] AndroidManifest.xml:31:13-122
67            android:exported="false"
67-->[com.google.android.gms:play-services-ads-lite:19.0.1] AndroidManifest.xml:32:13-37
68            android:theme="@android:style/Theme.Translucent" />
68-->[com.google.android.gms:play-services-ads-lite:19.0.1] AndroidManifest.xml:33:13-61
69
70        <provider
70-->[com.google.android.gms:play-services-ads-lite:19.0.1] AndroidManifest.xml:35:9-39:39
71            android:name="com.google.android.gms.ads.MobileAdsInitProvider"
71-->[com.google.android.gms:play-services-ads-lite:19.0.1] AndroidManifest.xml:36:13-76
72            android:authorities="com.statusdownloader.vikas.mobileadsinitprovider"
72-->[com.google.android.gms:play-services-ads-lite:19.0.1] AndroidManifest.xml:37:13-73
73            android:exported="false"
73-->[com.google.android.gms:play-services-ads-lite:19.0.1] AndroidManifest.xml:38:13-37
74            android:initOrder="100" />
74-->[com.google.android.gms:play-services-ads-lite:19.0.1] AndroidManifest.xml:39:13-36
75
76        <meta-data
76-->[com.google.android.gms:play-services-basement:17.0.0] AndroidManifest.xml:23:9-25:69
77            android:name="com.google.android.gms.version"
77-->[com.google.android.gms:play-services-basement:17.0.0] AndroidManifest.xml:24:13-58
78            android:value="@integer/google_play_services_version" />
78-->[com.google.android.gms:play-services-basement:17.0.0] AndroidManifest.xml:25:13-66
79    </application>
80
81</manifest>